<?xml version="1.0" encoding="UTF-8"?>
<!-- Generated by org.testng.reporters.JUnitXMLReporter -->
<testsuite ignored="0" hostname="LAPTOP-GD3BOCG7" failures="0" tests="3" name="button click" time="9.354" errors="0" timestamp="2023-07-27T00:01:32 IST">
  <testcase classname="testingbaba_test.Buttons_test" name="elements_click" time="0.139"/>
  <testcase classname="testingbaba_test.Buttons_test" name="buttonsclick" time="0.148"/>
  <testcase classname="testingbaba_test.Buttons_test" name="clickondoubleclick_rightclick" time="0.418"/>
</testsuite> <!-- button click -->
