<?xml version="1.0" encoding="UTF-8"?>
<!-- Generated by org.testng.reporters.JUnitXMLReporter -->
<testsuite ignored="0" hostname="LAPTOP-GD3BOCG7" failures="0" tests="5" name="Check Box Test" time="13.212" errors="0" timestamp="2023-07-27T00:01:23 IST">
  <testcase classname="testingbaba_test.CheckBox_Test" name="checkbox_elements" time="0.139"/>
  <testcase classname="testingbaba_test.CheckBox_Test" name="check_box_test" time="0.138"/>
  <testcase classname="testingbaba_test.CheckBox_Test" name="check_box_mobile" time="3.364"/>
  <testcase classname="testingbaba_test.CheckBox_Test" name="check_box_latpop" time="0.263"/>
  <testcase classname="testingbaba_test.CheckBox_Test" name="check_box_desktop" time="0.248"/>
</testsuite> <!-- Check Box Test -->
