<?xml version="1.0" encoding="UTF-8"?>
<!-- Generated by org.testng.reporters.JUnitXMLReporter -->
<testsuite ignored="0" hostname="LAPTOP-GD3BOCG7" failures="0" tests="3" name="link click" time="14.091" errors="0" timestamp="2023-07-19T13:00:51 IST">
  <testcase classname="testingbaba_test.Links_Test" name="clickon_element" time="0.104"/>
  <testcase classname="testingbaba_test.Links_Test" name="clickon_links" time="3.073"/>
  <testcase classname="testingbaba_test.Links_Test" name="clickon_newtab" time="3.168"/>
</testsuite> <!-- link click -->
