<?xml version="1.0" encoding="UTF-8"?>
<!-- Generated by org.testng.reporters.JUnitXMLReporter -->
<testsuite ignored="0" hostname="LAPTOP-GD3BOCG7" failures="0" tests="5" name="link_click" time="18.666" errors="0" timestamp="2023-07-27T00:01:51 IST">
  <testcase classname="testingbaba_test.Links_Test" name="clickon_element" time="0.322"/>
  <testcase classname="testingbaba_test.Links_Test" name="clickon_links" time="0.242"/>
  <testcase classname="testingbaba_test.Links_Test" name="clickon_newtab" time="3.113"/>
  <testcase classname="testingbaba_test.Links_Test" name="closebtn_backtohomepage" time="2.025"/>
  <testcase classname="testingbaba_test.Links_Test" name="clickupload_download" time="3.433"/>
</testsuite> <!-- link_click -->
