<?xml version="1.0" encoding="UTF-8"?>
<!-- Generated by org.testng.reporters.JUnitXMLReporter -->
<testsuite ignored="0" hostname="LAPTOP-GD3BOCG7" failures="0" tests="4" name="Text Box Test" time="10.059" errors="0" timestamp="2023-07-27T00:01:10 IST">
  <testcase classname="testingbaba_test.TextBox_Test" name="clickon_element" time="0.138"/>
  <testcase classname="testingbaba_test.TextBox_Test" name="clickon_textbox" time="0.104"/>
  <testcase classname="testingbaba_test.TextBox_Test" name="filldetails" time="1.452"/>
  <testcase classname="testingbaba_test.TextBox_Test" name="getverifydetails" time="0.205"/>
</testsuite> <!-- Text Box Test -->
